[2014-01-16 09:10:31] START
[2014-01-16 09:29:02] EDIT enchentes/models/db.py: 17
[2014-01-16 09:31:59] EDIT enchentes/models/db.py: 1
[2014-01-16 09:52:57] EDIT enchentes/models/db.py: 2
[2014-01-16 09:56:20] EDIT enchentes/models/db.py: 0
[2014-01-16 09:56:37] EDIT enchentes/models/db.py: 0
[2014-01-16 09:57:54] CREATE mensagem.py: 0
[2014-01-16 10:01:47] EDIT enchentes/controllers/mensagem.py: 3
[2014-01-16 10:03:04] EDIT enchentes/models/db.py: 0
[2014-01-16 10:04:06] EDIT enchentes/models/db.py: 1
[2014-01-16 10:08:04] EDIT enchentes/models/db.py: 0
[2014-01-16 10:08:20] EDIT enchentes/models/db.py: 1
[2014-01-16 10:08:35] EDIT enchentes/models/db.py: 0
[2014-01-16 10:11:07] EDIT enchentes/models/db.py: -1
[2014-01-16 10:12:34] EDIT enchentes/models/db.py: 0
[2014-01-16 10:15:37] EDIT enchentes/models/db.py: 2
[2014-01-16 11:36:04] EDIT enchentes/controllers/mensagem.py: 2
[2014-01-16 11:36:10] EDIT enchentes/controllers/mensagem.py: 0
[2014-01-16 11:36:44] EDIT enchentes/controllers/mensagem.py: 1
[2014-01-16 11:37:09] EDIT enchentes/controllers/mensagem.py: 0
[2014-01-16 11:45:27] EDIT enchentes/controllers/mensagem.py: 0
[2014-01-16 11:47:18] EDIT enchentes/controllers/mensagem.py: 1
[2014-01-16 11:48:22] EDIT enchentes/controllers/mensagem.py: 1
[2014-01-16 11:53:20] EDIT enchentes/controllers/mensagem.py: -5
[2014-01-16 11:53:44] EDIT enchentes/models/db.py: -1
[2014-01-16 11:55:34] EDIT enchentes/models/db.py: 0
[2014-01-16 11:56:48] EDIT enchentes/controllers/mensagem.py: -3
[2014-01-16 11:58:19] EDIT enchentes/controllers/mensagem.py: -2
[2014-01-16 11:59:00] EDIT enchentes/models/db.py: 0
[2014-01-16 12:00:09] EDIT enchentes/models/db.py: 0
[2014-01-16 12:01:50] EDIT enchentes/models/db.py: 1
[2014-01-16 12:05:00] EDIT enchentes/models/db.py: -1
[2014-01-16 12:19:27] EDIT enchentes/controllers/mensagem.py: 0
[2014-01-16 12:19:33] EDIT enchentes/controllers/mensagem.py: 0
[2014-01-16 12:20:24] EDIT enchentes/controllers/mensagem.py: 0
[2014-01-16 15:12:42] EDIT enchentes/models/db.py: 0
[2014-01-16 15:33:46] EDIT enchentes/controllers/mensagem.py: 0
[2014-01-16 15:34:04] EDIT enchentes/controllers/mensagem.py: 0
[2014-01-16 17:06:09] EDIT enchentes/controllers/mensagem.py: 0
[2014-01-16 17:06:16] EDIT enchentes/controllers/mensagem.py: 0
[2014-01-16 17:32:25] EDIT enchentes/controllers/mensagem.py: 0
[2014-01-16 17:34:26] EDIT enchentes/controllers/mensagem.py: 0
[2014-01-16 17:43:40] EDIT enchentes/controllers/mensagem.py: 0
[2014-01-16 17:44:09] EDIT enchentes/controllers/mensagem.py: 0
[2014-01-16 17:45:36] EDIT enchentes/controllers/mensagem.py: 0
[2014-01-16 17:53:23] EDIT enchentes/models/db.py: 0
[2014-01-16 17:54:15] EDIT enchentes/models/db.py: 1
[2014-01-16 17:59:17] EDIT enchentes/controllers/mensagem.py: 0
[2014-01-16 17:59:36] EDIT enchentes/controllers/mensagem.py: 0
[2014-01-16 17:59:50] EDIT enchentes/controllers/mensagem.py: 0
[2014-01-16 18:00:00] EDIT enchentes/controllers/mensagem.py: 0
[2014-01-16 18:01:15] EDIT enchentes/controllers/mensagem.py: 0
[2014-01-16 18:01:40] EDIT enchentes/controllers/mensagem.py: 0
[2014-01-17 10:15:51] EDIT enchentes/controllers/mensagem.py: 1
[2014-01-17 10:16:12] EDIT enchentes/models/db.py: 1
[2014-01-17 12:20:43] EDIT enchentes/controllers/default.py: -9
[2014-01-17 12:21:48] EDIT enchentes/controllers/default.py: 5
[2014-01-17 12:25:40] EDIT enchentes/views/default/index.html: -30
[2014-01-17 13:10:26] EDIT enchentes/models/db.py: 0
[2014-01-17 13:17:30] EDIT enchentes/views/default/index.html: 11
[2014-01-17 13:28:37] EDIT enchentes/models/db.py: 0
[2014-01-17 13:29:35] EDIT enchentes/views/default/index.html: 0
[2014-01-17 13:30:22] EDIT enchentes/views/default/index.html: -11
[2014-01-17 13:36:16] EDIT enchentes/controllers/default.py: 14
[2014-01-17 13:36:30] EDIT enchentes/views/default/index.html: 1
[2014-01-17 13:38:41] EDIT enchentes/controllers/default.py: 1
[2014-01-17 13:42:59] EDIT enchentes/controllers/default.py: -1
[2014-01-17 13:44:18] EDIT enchentes/controllers/default.py: 12
[2014-01-17 13:52:34] EDIT enchentes/controllers/default.py: -1
[2014-01-17 13:55:00] EDIT enchentes/controllers/default.py: 2
[2014-01-21 11:58:06] EDIT enchentes/controllers/mensagem.py: -5
